Timestamp: 2024-11-07 12:48:20
Level: info
Message: home page
File: app/presentation/controllers/guest.php
Line: 14
========================================
Timestamp: 2024-11-07 12:48:21
Level: info
Message: about page
File: app/presentation/controllers/guest.php
Line: 21
========================================
Timestamp: 2024-11-07 12:48:24
Level: info
Message: register page
File: app/presentation/controllers/guest.php
Line: 35
========================================
Timestamp: 2024-11-07 12:57:49
Level: info
Message: register page
File: app/presentation/controllers/guest.php
Line: 35
========================================
Timestamp: 2024-11-07 12:58:11
Level: info
Message: register page
File: app/presentation/controllers/guest.php
Line: 35
========================================
Timestamp: 2024-11-07 12:58:19
Level: info
Message: register page
File: app/presentation/controllers/guest.php
Line: 35
========================================
Timestamp: 2024-11-07 12:58:27
Level: info
Message: register page
File: app/presentation/controllers/guest.php
Line: 35
========================================
Timestamp: 2024-11-07 13:00:16
Level: info
Message: home page
File: app/presentation/controllers/guest.php
Line: 14
========================================
Timestamp: 2024-11-07 13:00:33
Level: info
Message: home page
File: app/presentation/controllers/guest.php
Line: 14
========================================
Timestamp: 2024-11-07 13:00:36
Level: info
Message: about page
File: app/presentation/controllers/guest.php
Line: 21
========================================
Timestamp: 2024-11-07 13:00:36
Level: info
Message: contact page
File: app/presentation/controllers/guest.php
Line: 28
========================================
